<?xml version="1.0" encoding="UTF-8"?>
<!-- Generated by org.testng.reporters.JUnitXMLReporter -->
<testsuite ignored="2" hostname="LTIN277629" failures="0" tests="13" name="Chrome hackathon" time="229.837" errors="0" timestamp="2024-02-08T22:51:54 IST">
  <testcase classname="TestCase.TC001_askLaila" name="test1" time="22.58"/>
  <testcase classname="TestCase.TC001_askLaila" name="test2" time="14.553"/>
  <testcase classname="TestCase.TC001_askLaila" name="test3" time="18.128"/>
  <testcase classname="TestCase.TC002_homePage" name="test4" time="26.216"/>
  <testcase classname="TestCase.TC003_results" name="test5" time="8.954"/>
  <testcase classname="TestCase.TC003_results" name="test6" time="55.777"/>
  <testcase classname="TestCase.TC004_freeListing" name="test7" time="17.985"/>
  <testcase classname="TestCase.TC004_freeListing" name="test8" time="11.389"/>
  <testcase classname="TestCase.TC004_freeListing" name="test9" time="3.205"/>
  <testcase classname="TestCase.TC004_freeListing" name="test10" time="0.416"/>
  <testcase classname="TestCase.TC004_freeListing" name="test11" time="7.879"/>
  <testcase classname="TestCase.TC002_homePage" name="test12" time="7.51"/>
  <testcase classname="TestCase.TC005_gymResults" name="test13" time="8.56"/>
  <testcase classname="TestBase.BaseClass" name="@BeforeTest setUp" time="0.0">
    <ignored/>
  </testcase> <!-- @BeforeTest setUp -->
  <testcase classname="TestBase.BaseClass" name="@AfterTest closeBrowser" time="0.0">
    <ignored/>
  </testcase> <!-- @AfterTest closeBrowser -->
</testsuite> <!-- Chrome hackathon -->
