<?xml version="1.0" encoding="UTF-8"?>
<!-- Generated by org.testng.reporters.JUnitXMLReporter -->
<testsuite ignored="0" hostname="LTIN277629" failures="0" tests="13" name="Edge hackathon" time="184.675" errors="0" timestamp="2024-02-15T10:33:38 IST">
  <testcase classname="TestCase.TC001_askLaila" name="ignoreAd" time="22.267"/>
  <testcase classname="TestCase.TC001_askLaila" name="selectCountry" time="15.843"/>
  <testcase classname="TestCase.TC001_askLaila" name="selectCity" time="15.949"/>
  <testcase classname="TestCase.TC002_homePage" name="enteringInputs" time="24.952"/>
  <testcase classname="TestCase.TC003_results" name="gettingCarWashResults" time="4.568"/>
  <testcase classname="TestCase.TC003_results" name="clickingShareReviewReport" time="46.015"/>
  <testcase classname="TestCase.TC004_freeListing" name="clickingFreelisting" time="14.219"/>
  <testcase classname="TestCase.TC004_freeListing" name="clickLogin" time="11.217"/>
  <testcase classname="TestCase.TC004_freeListing" name="enteringWrongInputs" time="2.994"/>
  <testcase classname="TestCase.TC004_freeListing" name="getErrorMessage" time="0.053"/>
  <testcase classname="TestCase.TC004_freeListing" name="backToSearchPage" time="0.277"/>
  <testcase classname="TestCase.TC002_homePage" name="clickingGym" time="4.243"/>
  <testcase classname="TestCase.TC005_gymResults" name="gettingSubCategory" time="5.127"/>
</testsuite> <!-- Edge hackathon -->
