<?xml version="1.0" encoding="UTF-8"?>
<!-- Generated by org.testng.reporters.JUnitXMLReporter -->
<testsuite ignored="2" hostname="LTIN277629" failures="0" tests="13" name="Edge hackathon" time="226.52" errors="0" timestamp="2024-02-08T22:55:41 IST">
  <testcase classname="TestCase.TC001_askLaila" name="test1" time="22.405"/>
  <testcase classname="TestCase.TC001_askLaila" name="test2" time="14.57"/>
  <testcase classname="TestCase.TC001_askLaila" name="test3" time="22.487"/>
  <testcase classname="TestCase.TC002_homePage" name="test4" time="26.886"/>
  <testcase classname="TestCase.TC003_results" name="test5" time="5.643"/>
  <testcase classname="TestCase.TC003_results" name="test6" time="50.846"/>
  <testcase classname="TestCase.TC004_freeListing" name="test7" time="23.139"/>
  <testcase classname="TestCase.TC004_freeListing" name="test8" time="11.305"/>
  <testcase classname="TestCase.TC004_freeListing" name="test9" time="3.055"/>
  <testcase classname="TestCase.TC004_freeListing" name="test10" time="0.066"/>
  <testcase classname="TestCase.TC004_freeListing" name="test11" time="2.397"/>
  <testcase classname="TestCase.TC002_homePage" name="test12" time="12.93"/>
  <testcase classname="TestCase.TC005_gymResults" name="test13" time="6.602"/>
  <testcase classname="TestBase.BaseClass" name="@BeforeTest setUp" time="0.0">
    <ignored/>
  </testcase> <!-- @BeforeTest setUp -->
  <testcase classname="TestBase.BaseClass" name="@AfterTest closeBrowser" time="0.0">
    <ignored/>
  </testcase> <!-- @AfterTest closeBrowser -->
</testsuite> <!-- Edge hackathon -->
