<?xml version="1.0" encoding="UTF-8"?>
<!-- Generated by org.testng.reporters.JUnitXMLReporter -->
<testsuite ignored="2" hostname="LTIN277629" failures="0" tests="16" name="hackathon" time="284.717" errors="0" timestamp="2024-01-30T00:17:59 IST">
  <testcase classname="TestCase.TC001_askLaila" name="test1" time="0.659"/>
  <testcase classname="TestCase.TC001_askLaila" name="test21" time="5.955"/>
  <testcase classname="TestCase.TC001_askLaila" name="test45" time="4.25"/>
  <testcase classname="TestCase.TC002_homePage" name="test2" time="22.52"/>
  <testcase classname="TestCase.TC002_homePage" name="test3" time="24.68"/>
  <testcase classname="TestCase.TC003_results" name="test4" time="26.134"/>
  <testcase classname="TestCase.TC003_results" name="text12" time="11.804"/>
  <testcase classname="TestCase.TC003_results" name="test13" time="4.632"/>
  <testcase classname="TestCase.TC003_results" name="test14" time="16.637"/>
  <testcase classname="TestCase.TC004_freeListing" name="test5" time="26.411"/>
  <testcase classname="TestCase.TC004_freeListing" name="test6" time="22.148"/>
  <testcase classname="TestCase.TC004_freeListing" name="test7" time="24.727"/>
  <testcase classname="TestCase.TC004_freeListing" name="test8" time="22.111"/>
  <testcase classname="TestCase.TC004_freeListing" name="test9" time="26.49"/>
  <testcase classname="TestCase.TC002_homePage" name="test10" time="6.976"/>
  <testcase classname="TestCase.TC005_gymResults" name="test11" time="4.859"/>
  <testcase classname="TestBase.BaseClass" name="@BeforeTest setUp" time="0.0">
    <ignored/>
  </testcase> <!-- @BeforeTest setUp -->
  <testcase classname="TestBase.BaseClass" name="@AfterTest closeBrowser" time="0.0">
    <ignored/>
  </testcase> <!-- @AfterTest closeBrowser -->
</testsuite> <!-- hackathon -->
