<?xml version="1.0" encoding="UTF-8"?>
<!-- Generated by org.testng.reporters.JUnitXMLReporter -->
<testsuite ignored="2" hostname="LTIN277629" failures="0" tests="13" name="Edge hackathon" time="238.28" errors="0" timestamp="2024-02-15T09:58:42 IST">
  <testcase classname="TestCase.TC001_askLaila" name="ignoreAd" time="22.454"/>
  <testcase classname="TestCase.TC001_askLaila" name="selectCountry" time="17.202"/>
  <testcase classname="TestCase.TC001_askLaila" name="selectCity" time="19.79"/>
  <testcase classname="TestCase.TC002_homePage" name="enteringInputs" time="38.922"/>
  <testcase classname="TestCase.TC003_results" name="gettingCarWashResults" time="5.967"/>
  <testcase classname="TestCase.TC003_results" name="clickingShareReviewReport" time="55.166"/>
  <testcase classname="TestCase.TC004_freeListing" name="clickingFreelisting" time="16.747"/>
  <testcase classname="TestCase.TC004_freeListing" name="clickLogin" time="11.474"/>
  <testcase classname="TestCase.TC004_freeListing" name="enteringWrongInputs" time="4.478"/>
  <testcase classname="TestCase.TC004_freeListing" name="getErrorMessage" time="0.088"/>
  <testcase classname="TestCase.TC004_freeListing" name="backToSearchPage" time="0.456"/>
  <testcase classname="TestCase.TC002_homePage" name="clickingGym" time="6.069"/>
  <testcase classname="TestCase.TC005_gymResults" name="gettingSubCategory" time="9.485"/>
  <testcase classname="TestBase.BaseClass" name="@BeforeTest setUp" time="0.0">
    <ignored/>
  </testcase> <!-- @BeforeTest setUp -->
  <testcase classname="TestBase.BaseClass" name="@AfterTest closeBrowser" time="0.0">
    <ignored/>
  </testcase> <!-- @AfterTest closeBrowser -->
</testsuite> <!-- Edge hackathon -->
