<?xml version="1.0" encoding="UTF-8"?>
<testng-results ignored="4" total="30" passed="26" failed="0" skipped="0">
  <reporter-output>
  </reporter-output>
  <suite started-at="2024-02-15T09:51:19 IST" name="Suite" finished-at="2024-02-15T09:58:42 IST" duration-ms="443537">
    <groups>
      <group name="regression">
        <method signature="TC001_askLaila.ignoreAd()[pri:1, instance:TestCase.TC005_gymResults@399f45b1]" name="ignoreAd" class="TestCase.TC001_askLaila"/>
        <method signature="TC001_askLaila.selectCountry()[pri:2, instance:TestCase.TC005_gymResults@399f45b1]" name="selectCountry" class="TestCase.TC001_askLaila"/>
        <method signature="TC001_askLaila.selectCity()[pri:3, instance:TestCase.TC005_gymResults@399f45b1]" name="selectCity" class="TestCase.TC001_askLaila"/>
        <method signature="TC002_homePage.enteringInputs()[pri:4, instance:TestCase.TC005_gymResults@399f45b1]" name="enteringInputs" class="TestCase.TC002_homePage"/>
        <method signature="TC003_results.gettingCarWashResults()[pri:5, instance:TestCase.TC005_gymResults@399f45b1]" name="gettingCarWashResults" class="TestCase.TC003_results"/>
        <method signature="TC003_results.clickingShareReviewReport()[pri:6, instance:TestCase.TC005_gymResults@399f45b1]" name="clickingShareReviewReport" class="TestCase.TC003_results"/>
        <method signature="TC004_freeListing.clickingFreelisting()[pri:7, instance:TestCase.TC005_gymResults@399f45b1]" name="clickingFreelisting" class="TestCase.TC004_freeListing"/>
        <method signature="TC004_freeListing.clickLogin()[pri:8, instance:TestCase.TC005_gymResults@399f45b1]" name="clickLogin" class="TestCase.TC004_freeListing"/>
        <method signature="TC004_freeListing.getErrorMessage()[pri:10, instance:TestCase.TC005_gymResults@399f45b1]" name="getErrorMessage" class="TestCase.TC004_freeListing"/>
        <method signature="TC004_freeListing.backToSearchPage()[pri:11, instance:TestCase.TC005_gymResults@399f45b1]" name="backToSearchPage" class="TestCase.TC004_freeListing"/>
        <method signature="TC002_homePage.clickingGym()[pri:12, instance:TestCase.TC005_gymResults@399f45b1]" name="clickingGym" class="TestCase.TC002_homePage"/>
        <method signature="TC005_gymResults.gettingSubCategory()[pri:13, instance:TestCase.TC005_gymResults@399f45b1]" name="gettingSubCategory" class="TestCase.TC005_gymResults"/>
        <method signature="TC001_askLaila.ignoreAd()[pri:1, instance:TestCase.TC005_gymResults@3023df74]" name="ignoreAd" class="TestCase.TC001_askLaila"/>
        <method signature="TC001_askLaila.selectCountry()[pri:2, instance:TestCase.TC005_gymResults@3023df74]" name="selectCountry" class="TestCase.TC001_askLaila"/>
        <method signature="TC001_askLaila.selectCity()[pri:3, instance:TestCase.TC005_gymResults@3023df74]" name="selectCity" class="TestCase.TC001_askLaila"/>
        <method signature="TC002_homePage.enteringInputs()[pri:4, instance:TestCase.TC005_gymResults@3023df74]" name="enteringInputs" class="TestCase.TC002_homePage"/>
        <method signature="TC003_results.gettingCarWashResults()[pri:5, instance:TestCase.TC005_gymResults@3023df74]" name="gettingCarWashResults" class="TestCase.TC003_results"/>
        <method signature="TC003_results.clickingShareReviewReport()[pri:6, instance:TestCase.TC005_gymResults@3023df74]" name="clickingShareReviewReport" class="TestCase.TC003_results"/>
        <method signature="TC004_freeListing.clickingFreelisting()[pri:7, instance:TestCase.TC005_gymResults@3023df74]" name="clickingFreelisting" class="TestCase.TC004_freeListing"/>
        <method signature="TC004_freeListing.clickLogin()[pri:8, instance:TestCase.TC005_gymResults@3023df74]" name="clickLogin" class="TestCase.TC004_freeListing"/>
        <method signature="TC004_freeListing.getErrorMessage()[pri:10, instance:TestCase.TC005_gymResults@3023df74]" name="getErrorMessage" class="TestCase.TC004_freeListing"/>
        <method signature="TC004_freeListing.backToSearchPage()[pri:11, instance:TestCase.TC005_gymResults@3023df74]" name="backToSearchPage" class="TestCase.TC004_freeListing"/>
        <method signature="TC002_homePage.clickingGym()[pri:12, instance:TestCase.TC005_gymResults@3023df74]" name="clickingGym" class="TestCase.TC002_homePage"/>
        <method signature="TC005_gymResults.gettingSubCategory()[pri:13, instance:TestCase.TC005_gymResults@3023df74]" name="gettingSubCategory" class="TestCase.TC005_gymResults"/>
      </group> <!-- regression -->
      <group name="sanity">
        <method signature="TC004_freeListing.enteringWrongInputs()[pri:9, instance:TestCase.TC005_gymResults@399f45b1]" name="enteringWrongInputs" class="TestCase.TC004_freeListing"/>
        <method signature="TC004_freeListing.enteringWrongInputs()[pri:9, instance:TestCase.TC005_gymResults@3023df74]" name="enteringWrongInputs" class="TestCase.TC004_freeListing"/>
      </group> <!-- sanity -->
      <group name="master">
        <method signature="TC001_askLaila.ignoreAd()[pri:1, instance:TestCase.TC005_gymResults@399f45b1]" name="ignoreAd" class="TestCase.TC001_askLaila"/>
        <method signature="TC001_askLaila.selectCountry()[pri:2, instance:TestCase.TC005_gymResults@399f45b1]" name="selectCountry" class="TestCase.TC001_askLaila"/>
        <method signature="TC001_askLaila.selectCity()[pri:3, instance:TestCase.TC005_gymResults@399f45b1]" name="selectCity" class="TestCase.TC001_askLaila"/>
        <method signature="TC002_homePage.enteringInputs()[pri:4, instance:TestCase.TC005_gymResults@399f45b1]" name="enteringInputs" class="TestCase.TC002_homePage"/>
        <method signature="TC003_results.gettingCarWashResults()[pri:5, instance:TestCase.TC005_gymResults@399f45b1]" name="gettingCarWashResults" class="TestCase.TC003_results"/>
        <method signature="TC003_results.clickingShareReviewReport()[pri:6, instance:TestCase.TC005_gymResults@399f45b1]" name="clickingShareReviewReport" class="TestCase.TC003_results"/>
        <method signature="TC004_freeListing.clickingFreelisting()[pri:7, instance:TestCase.TC005_gymResults@399f45b1]" name="clickingFreelisting" class="TestCase.TC004_freeListing"/>
        <method signature="TC004_freeListing.clickLogin()[pri:8, instance:TestCase.TC005_gymResults@399f45b1]" name="clickLogin" class="TestCase.TC004_freeListing"/>
        <method signature="TC004_freeListing.enteringWrongInputs()[pri:9, instance:TestCase.TC005_gymResults@399f45b1]" name="enteringWrongInputs" class="TestCase.TC004_freeListing"/>
        <method signature="TC004_freeListing.getErrorMessage()[pri:10, instance:TestCase.TC005_gymResults@399f45b1]" name="getErrorMessage" class="TestCase.TC004_freeListing"/>
        <method signature="TC004_freeListing.backToSearchPage()[pri:11, instance:TestCase.TC005_gymResults@399f45b1]" name="backToSearchPage" class="TestCase.TC004_freeListing"/>
        <method signature="TC002_homePage.clickingGym()[pri:12, instance:TestCase.TC005_gymResults@399f45b1]" name="clickingGym" class="TestCase.TC002_homePage"/>
        <method signature="TC005_gymResults.gettingSubCategory()[pri:13, instance:TestCase.TC005_gymResults@399f45b1]" name="gettingSubCategory" class="TestCase.TC005_gymResults"/>
        <method signature="TC001_askLaila.ignoreAd()[pri:1, instance:TestCase.TC005_gymResults@3023df74]" name="ignoreAd" class="TestCase.TC001_askLaila"/>
        <method signature="TC001_askLaila.selectCountry()[pri:2, instance:TestCase.TC005_gymResults@3023df74]" name="selectCountry" class="TestCase.TC001_askLaila"/>
        <method signature="TC001_askLaila.selectCity()[pri:3, instance:TestCase.TC005_gymResults@3023df74]" name="selectCity" class="TestCase.TC001_askLaila"/>
        <method signature="TC002_homePage.enteringInputs()[pri:4, instance:TestCase.TC005_gymResults@3023df74]" name="enteringInputs" class="TestCase.TC002_homePage"/>
        <method signature="TC003_results.gettingCarWashResults()[pri:5, instance:TestCase.TC005_gymResults@3023df74]" name="gettingCarWashResults" class="TestCase.TC003_results"/>
        <method signature="TC003_results.clickingShareReviewReport()[pri:6, instance:TestCase.TC005_gymResults@3023df74]" name="clickingShareReviewReport" class="TestCase.TC003_results"/>
        <method signature="TC004_freeListing.clickingFreelisting()[pri:7, instance:TestCase.TC005_gymResults@3023df74]" name="clickingFreelisting" class="TestCase.TC004_freeListing"/>
        <method signature="TC004_freeListing.clickLogin()[pri:8, instance:TestCase.TC005_gymResults@3023df74]" name="clickLogin" class="TestCase.TC004_freeListing"/>
        <method signature="TC004_freeListing.enteringWrongInputs()[pri:9, instance:TestCase.TC005_gymResults@3023df74]" name="enteringWrongInputs" class="TestCase.TC004_freeListing"/>
        <method signature="TC004_freeListing.getErrorMessage()[pri:10, instance:TestCase.TC005_gymResults@3023df74]" name="getErrorMessage" class="TestCase.TC004_freeListing"/>
        <method signature="TC004_freeListing.backToSearchPage()[pri:11, instance:TestCase.TC005_gymResults@3023df74]" name="backToSearchPage" class="TestCase.TC004_freeListing"/>
        <method signature="TC002_homePage.clickingGym()[pri:12, instance:TestCase.TC005_gymResults@3023df74]" name="clickingGym" class="TestCase.TC002_homePage"/>
        <method signature="TC005_gymResults.gettingSubCategory()[pri:13, instance:TestCase.TC005_gymResults@3023df74]" name="gettingSubCategory" class="TestCase.TC005_gymResults"/>
      </group> <!-- master -->
    </groups>
    <test started-at="2024-02-15T09:51:19 IST" name="Chrome hackathon" finished-at="2024-02-15T09:54:43 IST" duration-ms="203994">
      <class name="TestCase.TC005_gymResults">
        <test-method is-config="true" signature="setUp(java.lang.String,java.lang.String)[pri:0, instance:TestCase.TC005_gymResults@399f45b1]" started-at="2024-02-15T09:51:19 IST" name="setUp" finished-at="2024-02-15T09:51:32 IST" duration-ms="13045" status="PASS">
          <params>
            <param index="0">
              <value>
                <![CDATA[Windows]]>
              </value>
            </param>
            <param index="1">
              <value>
                <![CDATA[chrome]]>
              </value>
            </param>
          </params>
          <reporter-output>
          </reporter-output>
        </test-method> <!-- setUp -->
        <test-method signature="ignoreAd()[pri:1, instance:TestCase.TC005_gymResults@399f45b1]" started-at="2024-02-15T09:51:33 IST" name="ignoreAd" finished-at="2024-02-15T09:51:55 IST" duration-ms="22645" status="PASS">
          <reporter-output>
          </reporter-output>
        </test-method> <!-- ignoreAd -->
        <test-method signature="selectCountry()[pri:2, instance:TestCase.TC005_gymResults@399f45b1]" started-at="2024-02-15T09:51:56 IST" name="selectCountry" finished-at="2024-02-15T09:52:13 IST" duration-ms="17017" status="PASS">
          <reporter-output>
          </reporter-output>
        </test-method> <!-- selectCountry -->
        <test-method signature="selectCity()[pri:3, instance:TestCase.TC005_gymResults@399f45b1]" started-at="2024-02-15T09:52:15 IST" name="selectCity" finished-at="2024-02-15T09:52:31 IST" duration-ms="16302" status="PASS">
          <reporter-output>
          </reporter-output>
        </test-method> <!-- selectCity -->
        <test-method signature="enteringInputs()[pri:4, instance:TestCase.TC005_gymResults@399f45b1]" started-at="2024-02-15T09:52:33 IST" name="enteringInputs" finished-at="2024-02-15T09:53:01 IST" duration-ms="27374" status="PASS">
          <reporter-output>
          </reporter-output>
        </test-method> <!-- enteringInputs -->
        <test-method signature="gettingCarWashResults()[pri:5, instance:TestCase.TC005_gymResults@399f45b1]" started-at="2024-02-15T09:53:01 IST" name="gettingCarWashResults" finished-at="2024-02-15T09:53:11 IST" duration-ms="10012" status="PASS">
          <reporter-output>
          </reporter-output>
        </test-method> <!-- gettingCarWashResults -->
        <test-method signature="clickingShareReviewReport()[pri:6, instance:TestCase.TC005_gymResults@399f45b1]" started-at="2024-02-15T09:53:11 IST" name="clickingShareReviewReport" finished-at="2024-02-15T09:53:58 IST" duration-ms="46519" status="PASS">
          <reporter-output>
          </reporter-output>
        </test-method> <!-- clickingShareReviewReport -->
        <test-method signature="clickingFreelisting()[pri:7, instance:TestCase.TC005_gymResults@399f45b1]" started-at="2024-02-15T09:53:58 IST" name="clickingFreelisting" finished-at="2024-02-15T09:54:14 IST" duration-ms="15788" status="PASS">
          <reporter-output>
          </reporter-output>
        </test-method> <!-- clickingFreelisting -->
        <test-method signature="clickLogin()[pri:8, instance:TestCase.TC005_gymResults@399f45b1]" started-at="2024-02-15T09:54:14 IST" name="clickLogin" finished-at="2024-02-15T09:54:25 IST" duration-ms="11320" status="PASS">
          <reporter-output>
          </reporter-output>
        </test-method> <!-- clickLogin -->
        <test-method signature="enteringWrongInputs()[pri:9, instance:TestCase.TC005_gymResults@399f45b1]" started-at="2024-02-15T09:54:26 IST" name="enteringWrongInputs" finished-at="2024-02-15T09:54:29 IST" duration-ms="3063" status="PASS">
          <reporter-output>
          </reporter-output>
        </test-method> <!-- enteringWrongInputs -->
        <test-method signature="getErrorMessage()[pri:10, instance:TestCase.TC005_gymResults@399f45b1]" started-at="2024-02-15T09:54:29 IST" name="getErrorMessage" finished-at="2024-02-15T09:54:29 IST" duration-ms="111" status="PASS">
          <reporter-output>
          </reporter-output>
        </test-method> <!-- getErrorMessage -->
        <test-method signature="backToSearchPage()[pri:11, instance:TestCase.TC005_gymResults@399f45b1]" started-at="2024-02-15T09:54:30 IST" name="backToSearchPage" finished-at="2024-02-15T09:54:30 IST" duration-ms="301" status="PASS">
          <reporter-output>
          </reporter-output>
        </test-method> <!-- backToSearchPage -->
        <test-method signature="clickingGym()[pri:12, instance:TestCase.TC005_gymResults@399f45b1]" started-at="2024-02-15T09:54:30 IST" name="clickingGym" finished-at="2024-02-15T09:54:34 IST" duration-ms="3792" status="PASS">
          <reporter-output>
          </reporter-output>
        </test-method> <!-- clickingGym -->
        <test-method signature="gettingSubCategory()[pri:13, instance:TestCase.TC005_gymResults@399f45b1]" started-at="2024-02-15T09:54:34 IST" name="gettingSubCategory" finished-at="2024-02-15T09:54:41 IST" duration-ms="6953" status="PASS">
          <reporter-output>
          </reporter-output>
        </test-method> <!-- gettingSubCategory -->
        <test-method is-config="true" signature="closeBrowser()[pri:0, instance:TestCase.TC005_gymResults@399f45b1]" started-at="2024-02-15T09:54:41 IST" name="closeBrowser" finished-at="2024-02-15T09:54:43 IST" duration-ms="1201" status="PASS">
          <reporter-output>
          </reporter-output>
        </test-method> <!-- closeBrowser -->
      </class> <!-- TestCase.TC005_gymResults -->
    </test> <!-- Chrome hackathon -->
    <test started-at="2024-02-15T09:54:44 IST" name="Edge hackathon" finished-at="2024-02-15T09:58:42 IST" duration-ms="238280">
      <class name="TestCase.TC005_gymResults">
        <test-method is-config="true" signature="setUp(java.lang.String,java.lang.String)[pri:0, instance:TestCase.TC005_gymResults@3023df74]" started-at="2024-02-15T09:54:44 IST" name="setUp" finished-at="2024-02-15T09:54:58 IST" duration-ms="13753" status="PASS">
          <params>
            <param index="0">
              <value>
                <![CDATA[Windows]]>
              </value>
            </param>
            <param index="1">
              <value>
                <![CDATA[edge]]>
              </value>
            </param>
          </params>
          <reporter-output>
          </reporter-output>
        </test-method> <!-- setUp -->
        <test-method signature="ignoreAd()[pri:1, instance:TestCase.TC005_gymResults@3023df74]" started-at="2024-02-15T09:54:58 IST" name="ignoreAd" finished-at="2024-02-15T09:55:20 IST" duration-ms="22454" status="PASS">
          <reporter-output>
          </reporter-output>
        </test-method> <!-- ignoreAd -->
        <test-method signature="selectCountry()[pri:2, instance:TestCase.TC005_gymResults@3023df74]" started-at="2024-02-15T09:55:21 IST" name="selectCountry" finished-at="2024-02-15T09:55:38 IST" duration-ms="17202" status="PASS">
          <reporter-output>
          </reporter-output>
        </test-method> <!-- selectCountry -->
        <test-method signature="selectCity()[pri:3, instance:TestCase.TC005_gymResults@3023df74]" started-at="2024-02-15T09:55:40 IST" name="selectCity" finished-at="2024-02-15T09:56:00 IST" duration-ms="19790" status="PASS">
          <reporter-output>
          </reporter-output>
        </test-method> <!-- selectCity -->
        <test-method signature="enteringInputs()[pri:4, instance:TestCase.TC005_gymResults@3023df74]" started-at="2024-02-15T09:56:01 IST" name="enteringInputs" finished-at="2024-02-15T09:56:40 IST" duration-ms="38922" status="PASS">
          <reporter-output>
          </reporter-output>
        </test-method> <!-- enteringInputs -->
        <test-method signature="gettingCarWashResults()[pri:5, instance:TestCase.TC005_gymResults@3023df74]" started-at="2024-02-15T09:56:41 IST" name="gettingCarWashResults" finished-at="2024-02-15T09:56:47 IST" duration-ms="5967" status="PASS">
          <reporter-output>
          </reporter-output>
        </test-method> <!-- gettingCarWashResults -->
        <test-method signature="clickingShareReviewReport()[pri:6, instance:TestCase.TC005_gymResults@3023df74]" started-at="2024-02-15T09:56:47 IST" name="clickingShareReviewReport" finished-at="2024-02-15T09:57:42 IST" duration-ms="55166" status="PASS">
          <reporter-output>
          </reporter-output>
        </test-method> <!-- clickingShareReviewReport -->
        <test-method signature="clickingFreelisting()[pri:7, instance:TestCase.TC005_gymResults@3023df74]" started-at="2024-02-15T09:57:42 IST" name="clickingFreelisting" finished-at="2024-02-15T09:57:59 IST" duration-ms="16747" status="PASS">
          <reporter-output>
          </reporter-output>
        </test-method> <!-- clickingFreelisting -->
        <test-method signature="clickLogin()[pri:8, instance:TestCase.TC005_gymResults@3023df74]" started-at="2024-02-15T09:57:59 IST" name="clickLogin" finished-at="2024-02-15T09:58:11 IST" duration-ms="11474" status="PASS">
          <reporter-output>
          </reporter-output>
        </test-method> <!-- clickLogin -->
        <test-method signature="enteringWrongInputs()[pri:9, instance:TestCase.TC005_gymResults@3023df74]" started-at="2024-02-15T09:58:11 IST" name="enteringWrongInputs" finished-at="2024-02-15T09:58:16 IST" duration-ms="4478" status="PASS">
          <reporter-output>
          </reporter-output>
        </test-method> <!-- enteringWrongInputs -->
        <test-method signature="getErrorMessage()[pri:10, instance:TestCase.TC005_gymResults@3023df74]" started-at="2024-02-15T09:58:16 IST" name="getErrorMessage" finished-at="2024-02-15T09:58:16 IST" duration-ms="88" status="PASS">
          <reporter-output>
          </reporter-output>
        </test-method> <!-- getErrorMessage -->
        <test-method signature="backToSearchPage()[pri:11, instance:TestCase.TC005_gymResults@3023df74]" started-at="2024-02-15T09:58:17 IST" name="backToSearchPage" finished-at="2024-02-15T09:58:17 IST" duration-ms="456" status="PASS">
          <reporter-output>
          </reporter-output>
        </test-method> <!-- backToSearchPage -->
        <test-method signature="clickingGym()[pri:12, instance:TestCase.TC005_gymResults@3023df74]" started-at="2024-02-15T09:58:19 IST" name="clickingGym" finished-at="2024-02-15T09:58:25 IST" duration-ms="6069" status="PASS">
          <reporter-output>
          </reporter-output>
        </test-method> <!-- clickingGym -->
        <test-method signature="gettingSubCategory()[pri:13, instance:TestCase.TC005_gymResults@3023df74]" started-at="2024-02-15T09:58:25 IST" name="gettingSubCategory" finished-at="2024-02-15T09:58:35 IST" duration-ms="9485" status="PASS">
          <reporter-output>
          </reporter-output>
        </test-method> <!-- gettingSubCategory -->
        <test-method is-config="true" signature="closeBrowser()[pri:0, instance:TestCase.TC005_gymResults@3023df74]" started-at="2024-02-15T09:58:35 IST" name="closeBrowser" finished-at="2024-02-15T09:58:42 IST" duration-ms="7053" status="PASS">
          <reporter-output>
          </reporter-output>
        </test-method> <!-- closeBrowser -->
      </class> <!-- TestCase.TC005_gymResults -->
    </test> <!-- Edge hackathon -->
  </suite> <!-- Suite -->
</testng-results>
