<?xml version="1.0" encoding="UTF-8"?>
<testng-results ignored="4" total="30" passed="26" failed="0" skipped="0">
  <reporter-output>
  </reporter-output>
  <suite started-at="2024-02-08T12:19:29 IST" name="Suite" finished-at="2024-02-08T12:27:44 IST" duration-ms="494764">
    <groups>
      <group name="regression">
        <method signature="TC001_askLaila.test1()[pri:1, instance:TestCase.TC005_gymResults@43bc63a3]" name="test1" class="TestCase.TC001_askLaila"/>
        <method signature="TC001_askLaila.test2()[pri:2, instance:TestCase.TC005_gymResults@43bc63a3]" name="test2" class="TestCase.TC001_askLaila"/>
        <method signature="TC001_askLaila.test3()[pri:3, instance:TestCase.TC005_gymResults@43bc63a3]" name="test3" class="TestCase.TC001_askLaila"/>
        <method signature="TC002_homePage.test4()[pri:4, instance:TestCase.TC005_gymResults@43bc63a3]" name="test4" class="TestCase.TC002_homePage"/>
        <method signature="TC003_results.test5()[pri:5, instance:TestCase.TC005_gymResults@43bc63a3]" name="test5" class="TestCase.TC003_results"/>
        <method signature="TC003_results.test6()[pri:6, instance:TestCase.TC005_gymResults@43bc63a3]" name="test6" class="TestCase.TC003_results"/>
        <method signature="TC004_freeListing.test7()[pri:7, instance:TestCase.TC005_gymResults@43bc63a3]" name="test7" class="TestCase.TC004_freeListing"/>
        <method signature="TC004_freeListing.test8()[pri:8, instance:TestCase.TC005_gymResults@43bc63a3]" name="test8" class="TestCase.TC004_freeListing"/>
        <method signature="TC004_freeListing.test10()[pri:10, instance:TestCase.TC005_gymResults@43bc63a3]" name="test10" class="TestCase.TC004_freeListing"/>
        <method signature="TC004_freeListing.test11()[pri:11, instance:TestCase.TC005_gymResults@43bc63a3]" name="test11" class="TestCase.TC004_freeListing"/>
        <method signature="TC002_homePage.test12()[pri:12, instance:TestCase.TC005_gymResults@43bc63a3]" name="test12" class="TestCase.TC002_homePage"/>
        <method signature="TC005_gymResults.test13()[pri:13, instance:TestCase.TC005_gymResults@43bc63a3]" name="test13" class="TestCase.TC005_gymResults"/>
        <method signature="TC001_askLaila.test1()[pri:1, instance:TestCase.TC005_gymResults@2aceadd4]" name="test1" class="TestCase.TC001_askLaila"/>
        <method signature="TC001_askLaila.test2()[pri:2, instance:TestCase.TC005_gymResults@2aceadd4]" name="test2" class="TestCase.TC001_askLaila"/>
        <method signature="TC001_askLaila.test3()[pri:3, instance:TestCase.TC005_gymResults@2aceadd4]" name="test3" class="TestCase.TC001_askLaila"/>
        <method signature="TC002_homePage.test4()[pri:4, instance:TestCase.TC005_gymResults@2aceadd4]" name="test4" class="TestCase.TC002_homePage"/>
        <method signature="TC003_results.test5()[pri:5, instance:TestCase.TC005_gymResults@2aceadd4]" name="test5" class="TestCase.TC003_results"/>
        <method signature="TC003_results.test6()[pri:6, instance:TestCase.TC005_gymResults@2aceadd4]" name="test6" class="TestCase.TC003_results"/>
        <method signature="TC004_freeListing.test7()[pri:7, instance:TestCase.TC005_gymResults@2aceadd4]" name="test7" class="TestCase.TC004_freeListing"/>
        <method signature="TC004_freeListing.test8()[pri:8, instance:TestCase.TC005_gymResults@2aceadd4]" name="test8" class="TestCase.TC004_freeListing"/>
        <method signature="TC004_freeListing.test10()[pri:10, instance:TestCase.TC005_gymResults@2aceadd4]" name="test10" class="TestCase.TC004_freeListing"/>
        <method signature="TC004_freeListing.test11()[pri:11, instance:TestCase.TC005_gymResults@2aceadd4]" name="test11" class="TestCase.TC004_freeListing"/>
        <method signature="TC002_homePage.test12()[pri:12, instance:TestCase.TC005_gymResults@2aceadd4]" name="test12" class="TestCase.TC002_homePage"/>
        <method signature="TC005_gymResults.test13()[pri:13, instance:TestCase.TC005_gymResults@2aceadd4]" name="test13" class="TestCase.TC005_gymResults"/>
      </group> <!-- regression -->
      <group name="sanity">
        <method signature="TC004_freeListing.test9()[pri:9, instance:TestCase.TC005_gymResults@43bc63a3]" name="test9" class="TestCase.TC004_freeListing"/>
        <method signature="TC004_freeListing.test9()[pri:9, instance:TestCase.TC005_gymResults@2aceadd4]" name="test9" class="TestCase.TC004_freeListing"/>
      </group> <!-- sanity -->
      <group name="master">
        <method signature="TC001_askLaila.test1()[pri:1, instance:TestCase.TC005_gymResults@43bc63a3]" name="test1" class="TestCase.TC001_askLaila"/>
        <method signature="TC001_askLaila.test2()[pri:2, instance:TestCase.TC005_gymResults@43bc63a3]" name="test2" class="TestCase.TC001_askLaila"/>
        <method signature="TC001_askLaila.test3()[pri:3, instance:TestCase.TC005_gymResults@43bc63a3]" name="test3" class="TestCase.TC001_askLaila"/>
        <method signature="TC002_homePage.test4()[pri:4, instance:TestCase.TC005_gymResults@43bc63a3]" name="test4" class="TestCase.TC002_homePage"/>
        <method signature="TC003_results.test5()[pri:5, instance:TestCase.TC005_gymResults@43bc63a3]" name="test5" class="TestCase.TC003_results"/>
        <method signature="TC003_results.test6()[pri:6, instance:TestCase.TC005_gymResults@43bc63a3]" name="test6" class="TestCase.TC003_results"/>
        <method signature="TC004_freeListing.test7()[pri:7, instance:TestCase.TC005_gymResults@43bc63a3]" name="test7" class="TestCase.TC004_freeListing"/>
        <method signature="TC004_freeListing.test8()[pri:8, instance:TestCase.TC005_gymResults@43bc63a3]" name="test8" class="TestCase.TC004_freeListing"/>
        <method signature="TC004_freeListing.test9()[pri:9, instance:TestCase.TC005_gymResults@43bc63a3]" name="test9" class="TestCase.TC004_freeListing"/>
        <method signature="TC004_freeListing.test10()[pri:10, instance:TestCase.TC005_gymResults@43bc63a3]" name="test10" class="TestCase.TC004_freeListing"/>
        <method signature="TC004_freeListing.test11()[pri:11, instance:TestCase.TC005_gymResults@43bc63a3]" name="test11" class="TestCase.TC004_freeListing"/>
        <method signature="TC002_homePage.test12()[pri:12, instance:TestCase.TC005_gymResults@43bc63a3]" name="test12" class="TestCase.TC002_homePage"/>
        <method signature="TC005_gymResults.test13()[pri:13, instance:TestCase.TC005_gymResults@43bc63a3]" name="test13" class="TestCase.TC005_gymResults"/>
        <method signature="TC001_askLaila.test1()[pri:1, instance:TestCase.TC005_gymResults@2aceadd4]" name="test1" class="TestCase.TC001_askLaila"/>
        <method signature="TC001_askLaila.test2()[pri:2, instance:TestCase.TC005_gymResults@2aceadd4]" name="test2" class="TestCase.TC001_askLaila"/>
        <method signature="TC001_askLaila.test3()[pri:3, instance:TestCase.TC005_gymResults@2aceadd4]" name="test3" class="TestCase.TC001_askLaila"/>
        <method signature="TC002_homePage.test4()[pri:4, instance:TestCase.TC005_gymResults@2aceadd4]" name="test4" class="TestCase.TC002_homePage"/>
        <method signature="TC003_results.test5()[pri:5, instance:TestCase.TC005_gymResults@2aceadd4]" name="test5" class="TestCase.TC003_results"/>
        <method signature="TC003_results.test6()[pri:6, instance:TestCase.TC005_gymResults@2aceadd4]" name="test6" class="TestCase.TC003_results"/>
        <method signature="TC004_freeListing.test7()[pri:7, instance:TestCase.TC005_gymResults@2aceadd4]" name="test7" class="TestCase.TC004_freeListing"/>
        <method signature="TC004_freeListing.test8()[pri:8, instance:TestCase.TC005_gymResults@2aceadd4]" name="test8" class="TestCase.TC004_freeListing"/>
        <method signature="TC004_freeListing.test9()[pri:9, instance:TestCase.TC005_gymResults@2aceadd4]" name="test9" class="TestCase.TC004_freeListing"/>
        <method signature="TC004_freeListing.test10()[pri:10, instance:TestCase.TC005_gymResults@2aceadd4]" name="test10" class="TestCase.TC004_freeListing"/>
        <method signature="TC004_freeListing.test11()[pri:11, instance:TestCase.TC005_gymResults@2aceadd4]" name="test11" class="TestCase.TC004_freeListing"/>
        <method signature="TC002_homePage.test12()[pri:12, instance:TestCase.TC005_gymResults@2aceadd4]" name="test12" class="TestCase.TC002_homePage"/>
        <method signature="TC005_gymResults.test13()[pri:13, instance:TestCase.TC005_gymResults@2aceadd4]" name="test13" class="TestCase.TC005_gymResults"/>
      </group> <!-- master -->
    </groups>
    <test started-at="2024-02-08T12:19:29 IST" name="Chrome hackathon" finished-at="2024-02-08T12:23:57 IST" duration-ms="268657">
      <class name="TestCase.TC005_gymResults">
        <test-method is-config="true" signature="setUp(java.lang.String,java.lang.String)[pri:0, instance:TestCase.TC005_gymResults@43bc63a3]" started-at="2024-02-08T12:19:30 IST" name="setUp" finished-at="2024-02-08T12:20:09 IST" duration-ms="38810" status="PASS">
          <params>
            <param index="0">
              <value>
                <![CDATA[Windows]]>
              </value>
            </param>
            <param index="1">
              <value>
                <![CDATA[chrome]]>
              </value>
            </param>
          </params>
          <reporter-output>
          </reporter-output>
        </test-method> <!-- setUp -->
        <test-method signature="test1()[pri:1, instance:TestCase.TC005_gymResults@43bc63a3]" started-at="2024-02-08T12:20:09 IST" name="test1" finished-at="2024-02-08T12:20:31 IST" duration-ms="22432" status="PASS">
          <reporter-output>
          </reporter-output>
        </test-method> <!-- test1 -->
        <test-method signature="test2()[pri:2, instance:TestCase.TC005_gymResults@43bc63a3]" started-at="2024-02-08T12:20:32 IST" name="test2" finished-at="2024-02-08T12:20:48 IST" duration-ms="15768" status="PASS">
          <reporter-output>
          </reporter-output>
        </test-method> <!-- test2 -->
        <test-method signature="test3()[pri:3, instance:TestCase.TC005_gymResults@43bc63a3]" started-at="2024-02-08T12:20:50 IST" name="test3" finished-at="2024-02-08T12:21:31 IST" duration-ms="40993" status="PASS">
          <reporter-output>
          </reporter-output>
        </test-method> <!-- test3 -->
        <test-method signature="test4()[pri:4, instance:TestCase.TC005_gymResults@43bc63a3]" started-at="2024-02-08T12:21:33 IST" name="test4" finished-at="2024-02-08T12:22:07 IST" duration-ms="34681" status="PASS">
          <reporter-output>
          </reporter-output>
        </test-method> <!-- test4 -->
        <test-method signature="test5()[pri:5, instance:TestCase.TC005_gymResults@43bc63a3]" started-at="2024-02-08T12:22:08 IST" name="test5" finished-at="2024-02-08T12:22:20 IST" duration-ms="12062" status="PASS">
          <reporter-output>
          </reporter-output>
        </test-method> <!-- test5 -->
        <test-method signature="test6()[pri:6, instance:TestCase.TC005_gymResults@43bc63a3]" started-at="2024-02-08T12:22:20 IST" name="test6" finished-at="2024-02-08T12:23:08 IST" duration-ms="47283" status="PASS">
          <reporter-output>
          </reporter-output>
        </test-method> <!-- test6 -->
        <test-method signature="test7()[pri:7, instance:TestCase.TC005_gymResults@43bc63a3]" started-at="2024-02-08T12:23:08 IST" name="test7" finished-at="2024-02-08T12:23:24 IST" duration-ms="16108" status="PASS">
          <reporter-output>
          </reporter-output>
        </test-method> <!-- test7 -->
        <test-method signature="test8()[pri:8, instance:TestCase.TC005_gymResults@43bc63a3]" started-at="2024-02-08T12:23:24 IST" name="test8" finished-at="2024-02-08T12:23:36 IST" duration-ms="11446" status="PASS">
          <reporter-output>
          </reporter-output>
        </test-method> <!-- test8 -->
        <test-method signature="test9()[pri:9, instance:TestCase.TC005_gymResults@43bc63a3]" started-at="2024-02-08T12:23:36 IST" name="test9" finished-at="2024-02-08T12:23:39 IST" duration-ms="3089" status="PASS">
          <reporter-output>
          </reporter-output>
        </test-method> <!-- test9 -->
        <test-method signature="test10()[pri:10, instance:TestCase.TC005_gymResults@43bc63a3]" started-at="2024-02-08T12:23:39 IST" name="test10" finished-at="2024-02-08T12:23:40 IST" duration-ms="83" status="PASS">
          <reporter-output>
          </reporter-output>
        </test-method> <!-- test10 -->
        <test-method signature="test11()[pri:11, instance:TestCase.TC005_gymResults@43bc63a3]" started-at="2024-02-08T12:23:40 IST" name="test11" finished-at="2024-02-08T12:23:40 IST" duration-ms="266" status="PASS">
          <reporter-output>
          </reporter-output>
        </test-method> <!-- test11 -->
        <test-method signature="test12()[pri:12, instance:TestCase.TC005_gymResults@43bc63a3]" started-at="2024-02-08T12:23:42 IST" name="test12" finished-at="2024-02-08T12:23:48 IST" duration-ms="6559" status="PASS">
          <reporter-output>
          </reporter-output>
        </test-method> <!-- test12 -->
        <test-method signature="test13()[pri:13, instance:TestCase.TC005_gymResults@43bc63a3]" started-at="2024-02-08T12:23:49 IST" name="test13" finished-at="2024-02-08T12:23:55 IST" duration-ms="6690" status="PASS">
          <reporter-output>
          </reporter-output>
        </test-method> <!-- test13 -->
        <test-method is-config="true" signature="closeBrowser()[pri:0, instance:TestCase.TC005_gymResults@43bc63a3]" started-at="2024-02-08T12:23:56 IST" name="closeBrowser" finished-at="2024-02-08T12:23:57 IST" duration-ms="1600" status="PASS">
          <reporter-output>
          </reporter-output>
        </test-method> <!-- closeBrowser -->
      </class> <!-- TestCase.TC005_gymResults -->
    </test> <!-- Chrome hackathon -->
    <test started-at="2024-02-08T12:23:59 IST" name="Edge hackathon" finished-at="2024-02-08T12:27:44 IST" duration-ms="224857">
      <class name="TestCase.TC005_gymResults">
        <test-method is-config="true" signature="setUp(java.lang.String,java.lang.String)[pri:0, instance:TestCase.TC005_gymResults@2aceadd4]" started-at="2024-02-08T12:23:59 IST" name="setUp" finished-at="2024-02-08T12:24:11 IST" duration-ms="12084" status="PASS">
          <params>
            <param index="0">
              <value>
                <![CDATA[Windows]]>
              </value>
            </param>
            <param index="1">
              <value>
                <![CDATA[edge]]>
              </value>
            </param>
          </params>
          <reporter-output>
          </reporter-output>
        </test-method> <!-- setUp -->
        <test-method signature="test1()[pri:1, instance:TestCase.TC005_gymResults@2aceadd4]" started-at="2024-02-08T12:24:11 IST" name="test1" finished-at="2024-02-08T12:24:34 IST" duration-ms="22789" status="PASS">
          <reporter-output>
          </reporter-output>
        </test-method> <!-- test1 -->
        <test-method signature="test2()[pri:2, instance:TestCase.TC005_gymResults@2aceadd4]" started-at="2024-02-08T12:24:35 IST" name="test2" finished-at="2024-02-08T12:24:53 IST" duration-ms="18090" status="PASS">
          <reporter-output>
          </reporter-output>
        </test-method> <!-- test2 -->
        <test-method signature="test3()[pri:3, instance:TestCase.TC005_gymResults@2aceadd4]" started-at="2024-02-08T12:24:54 IST" name="test3" finished-at="2024-02-08T12:25:14 IST" duration-ms="19945" status="PASS">
          <reporter-output>
          </reporter-output>
        </test-method> <!-- test3 -->
        <test-method signature="test4()[pri:4, instance:TestCase.TC005_gymResults@2aceadd4]" started-at="2024-02-08T12:25:16 IST" name="test4" finished-at="2024-02-08T12:25:43 IST" duration-ms="26626" status="PASS">
          <reporter-output>
          </reporter-output>
        </test-method> <!-- test4 -->
        <test-method signature="test5()[pri:5, instance:TestCase.TC005_gymResults@2aceadd4]" started-at="2024-02-08T12:25:43 IST" name="test5" finished-at="2024-02-08T12:25:48 IST" duration-ms="4315" status="PASS">
          <reporter-output>
          </reporter-output>
        </test-method> <!-- test5 -->
        <test-method signature="test6()[pri:6, instance:TestCase.TC005_gymResults@2aceadd4]" started-at="2024-02-08T12:25:48 IST" name="test6" finished-at="2024-02-08T12:26:40 IST" duration-ms="52262" status="PASS">
          <reporter-output>
          </reporter-output>
        </test-method> <!-- test6 -->
        <test-method signature="test7()[pri:7, instance:TestCase.TC005_gymResults@2aceadd4]" started-at="2024-02-08T12:26:40 IST" name="test7" finished-at="2024-02-08T12:27:02 IST" duration-ms="22158" status="PASS">
          <reporter-output>
          </reporter-output>
        </test-method> <!-- test7 -->
        <test-method signature="test8()[pri:8, instance:TestCase.TC005_gymResults@2aceadd4]" started-at="2024-02-08T12:27:03 IST" name="test8" finished-at="2024-02-08T12:27:14 IST" duration-ms="11304" status="PASS">
          <reporter-output>
          </reporter-output>
        </test-method> <!-- test8 -->
        <test-method signature="test9()[pri:9, instance:TestCase.TC005_gymResults@2aceadd4]" started-at="2024-02-08T12:27:14 IST" name="test9" finished-at="2024-02-08T12:27:17 IST" duration-ms="3050" status="PASS">
          <reporter-output>
          </reporter-output>
        </test-method> <!-- test9 -->
        <test-method signature="test10()[pri:10, instance:TestCase.TC005_gymResults@2aceadd4]" started-at="2024-02-08T12:27:18 IST" name="test10" finished-at="2024-02-08T12:27:18 IST" duration-ms="83" status="PASS">
          <reporter-output>
          </reporter-output>
        </test-method> <!-- test10 -->
        <test-method signature="test11()[pri:11, instance:TestCase.TC005_gymResults@2aceadd4]" started-at="2024-02-08T12:27:18 IST" name="test11" finished-at="2024-02-08T12:27:19 IST" duration-ms="367" status="PASS">
          <reporter-output>
          </reporter-output>
        </test-method> <!-- test11 -->
        <test-method signature="test12()[pri:12, instance:TestCase.TC005_gymResults@2aceadd4]" started-at="2024-02-08T12:27:20 IST" name="test12" finished-at="2024-02-08T12:27:34 IST" duration-ms="13865" status="PASS">
          <reporter-output>
          </reporter-output>
        </test-method> <!-- test12 -->
        <test-method signature="test13()[pri:13, instance:TestCase.TC005_gymResults@2aceadd4]" started-at="2024-02-08T12:27:34 IST" name="test13" finished-at="2024-02-08T12:27:40 IST" duration-ms="5329" status="PASS">
          <reporter-output>
          </reporter-output>
        </test-method> <!-- test13 -->
        <test-method is-config="true" signature="closeBrowser()[pri:0, instance:TestCase.TC005_gymResults@2aceadd4]" started-at="2024-02-08T12:27:40 IST" name="closeBrowser" finished-at="2024-02-08T12:27:44 IST" duration-ms="3586" status="PASS">
          <reporter-output>
          </reporter-output>
        </test-method> <!-- closeBrowser -->
      </class> <!-- TestCase.TC005_gymResults -->
    </test> <!-- Edge hackathon -->
  </suite> <!-- Suite -->
</testng-results>
