<?xml version="1.0" encoding="UTF-8"?>
<testng-results ignored="0" total="26" passed="26" failed="0" skipped="0">
  <reporter-output>
  </reporter-output>
  <suite started-at="2024-02-15T10:27:17 IST" name="Suite" finished-at="2024-02-15T10:33:37 IST" duration-ms="380595">
    <groups>
      <group name="regression">
        <method signature="TC001_askLaila.ignoreAd()[pri:1, instance:TestCase.TC005_gymResults@408d971b]" name="ignoreAd" class="TestCase.TC001_askLaila"/>
        <method signature="TC001_askLaila.selectCountry()[pri:2, instance:TestCase.TC005_gymResults@408d971b]" name="selectCountry" class="TestCase.TC001_askLaila"/>
        <method signature="TC001_askLaila.selectCity()[pri:3, instance:TestCase.TC005_gymResults@408d971b]" name="selectCity" class="TestCase.TC001_askLaila"/>
        <method signature="TC002_homePage.enteringInputs()[pri:4, instance:TestCase.TC005_gymResults@408d971b]" name="enteringInputs" class="TestCase.TC002_homePage"/>
        <method signature="TC003_results.gettingCarWashResults()[pri:5, instance:TestCase.TC005_gymResults@408d971b]" name="gettingCarWashResults" class="TestCase.TC003_results"/>
        <method signature="TC003_results.clickingShareReviewReport()[pri:6, instance:TestCase.TC005_gymResults@408d971b]" name="clickingShareReviewReport" class="TestCase.TC003_results"/>
        <method signature="TC004_freeListing.clickingFreelisting()[pri:7, instance:TestCase.TC005_gymResults@408d971b]" name="clickingFreelisting" class="TestCase.TC004_freeListing"/>
        <method signature="TC004_freeListing.clickLogin()[pri:8, instance:TestCase.TC005_gymResults@408d971b]" name="clickLogin" class="TestCase.TC004_freeListing"/>
        <method signature="TC004_freeListing.getErrorMessage()[pri:10, instance:TestCase.TC005_gymResults@408d971b]" name="getErrorMessage" class="TestCase.TC004_freeListing"/>
        <method signature="TC004_freeListing.backToSearchPage()[pri:11, instance:TestCase.TC005_gymResults@408d971b]" name="backToSearchPage" class="TestCase.TC004_freeListing"/>
        <method signature="TC002_homePage.clickingGym()[pri:12, instance:TestCase.TC005_gymResults@408d971b]" name="clickingGym" class="TestCase.TC002_homePage"/>
        <method signature="TC005_gymResults.gettingSubCategory()[pri:13, instance:TestCase.TC005_gymResults@408d971b]" name="gettingSubCategory" class="TestCase.TC005_gymResults"/>
        <method signature="TC001_askLaila.ignoreAd()[pri:1, instance:TestCase.TC005_gymResults@302552ec]" name="ignoreAd" class="TestCase.TC001_askLaila"/>
        <method signature="TC001_askLaila.selectCountry()[pri:2, instance:TestCase.TC005_gymResults@302552ec]" name="selectCountry" class="TestCase.TC001_askLaila"/>
        <method signature="TC001_askLaila.selectCity()[pri:3, instance:TestCase.TC005_gymResults@302552ec]" name="selectCity" class="TestCase.TC001_askLaila"/>
        <method signature="TC002_homePage.enteringInputs()[pri:4, instance:TestCase.TC005_gymResults@302552ec]" name="enteringInputs" class="TestCase.TC002_homePage"/>
        <method signature="TC003_results.gettingCarWashResults()[pri:5, instance:TestCase.TC005_gymResults@302552ec]" name="gettingCarWashResults" class="TestCase.TC003_results"/>
        <method signature="TC003_results.clickingShareReviewReport()[pri:6, instance:TestCase.TC005_gymResults@302552ec]" name="clickingShareReviewReport" class="TestCase.TC003_results"/>
        <method signature="TC004_freeListing.clickingFreelisting()[pri:7, instance:TestCase.TC005_gymResults@302552ec]" name="clickingFreelisting" class="TestCase.TC004_freeListing"/>
        <method signature="TC004_freeListing.clickLogin()[pri:8, instance:TestCase.TC005_gymResults@302552ec]" name="clickLogin" class="TestCase.TC004_freeListing"/>
        <method signature="TC004_freeListing.getErrorMessage()[pri:10, instance:TestCase.TC005_gymResults@302552ec]" name="getErrorMessage" class="TestCase.TC004_freeListing"/>
        <method signature="TC004_freeListing.backToSearchPage()[pri:11, instance:TestCase.TC005_gymResults@302552ec]" name="backToSearchPage" class="TestCase.TC004_freeListing"/>
        <method signature="TC002_homePage.clickingGym()[pri:12, instance:TestCase.TC005_gymResults@302552ec]" name="clickingGym" class="TestCase.TC002_homePage"/>
        <method signature="TC005_gymResults.gettingSubCategory()[pri:13, instance:TestCase.TC005_gymResults@302552ec]" name="gettingSubCategory" class="TestCase.TC005_gymResults"/>
      </group> <!-- regression -->
      <group name="sanity">
        <method signature="TC004_freeListing.enteringWrongInputs()[pri:9, instance:TestCase.TC005_gymResults@408d971b]" name="enteringWrongInputs" class="TestCase.TC004_freeListing"/>
        <method signature="TC004_freeListing.enteringWrongInputs()[pri:9, instance:TestCase.TC005_gymResults@302552ec]" name="enteringWrongInputs" class="TestCase.TC004_freeListing"/>
      </group> <!-- sanity -->
      <group name="master">
        <method signature="TC001_askLaila.ignoreAd()[pri:1, instance:TestCase.TC005_gymResults@408d971b]" name="ignoreAd" class="TestCase.TC001_askLaila"/>
        <method signature="TC001_askLaila.selectCountry()[pri:2, instance:TestCase.TC005_gymResults@408d971b]" name="selectCountry" class="TestCase.TC001_askLaila"/>
        <method signature="TC001_askLaila.selectCity()[pri:3, instance:TestCase.TC005_gymResults@408d971b]" name="selectCity" class="TestCase.TC001_askLaila"/>
        <method signature="TC002_homePage.enteringInputs()[pri:4, instance:TestCase.TC005_gymResults@408d971b]" name="enteringInputs" class="TestCase.TC002_homePage"/>
        <method signature="TC003_results.gettingCarWashResults()[pri:5, instance:TestCase.TC005_gymResults@408d971b]" name="gettingCarWashResults" class="TestCase.TC003_results"/>
        <method signature="TC003_results.clickingShareReviewReport()[pri:6, instance:TestCase.TC005_gymResults@408d971b]" name="clickingShareReviewReport" class="TestCase.TC003_results"/>
        <method signature="TC004_freeListing.clickingFreelisting()[pri:7, instance:TestCase.TC005_gymResults@408d971b]" name="clickingFreelisting" class="TestCase.TC004_freeListing"/>
        <method signature="TC004_freeListing.clickLogin()[pri:8, instance:TestCase.TC005_gymResults@408d971b]" name="clickLogin" class="TestCase.TC004_freeListing"/>
        <method signature="TC004_freeListing.enteringWrongInputs()[pri:9, instance:TestCase.TC005_gymResults@408d971b]" name="enteringWrongInputs" class="TestCase.TC004_freeListing"/>
        <method signature="TC004_freeListing.getErrorMessage()[pri:10, instance:TestCase.TC005_gymResults@408d971b]" name="getErrorMessage" class="TestCase.TC004_freeListing"/>
        <method signature="TC004_freeListing.backToSearchPage()[pri:11, instance:TestCase.TC005_gymResults@408d971b]" name="backToSearchPage" class="TestCase.TC004_freeListing"/>
        <method signature="TC002_homePage.clickingGym()[pri:12, instance:TestCase.TC005_gymResults@408d971b]" name="clickingGym" class="TestCase.TC002_homePage"/>
        <method signature="TC005_gymResults.gettingSubCategory()[pri:13, instance:TestCase.TC005_gymResults@408d971b]" name="gettingSubCategory" class="TestCase.TC005_gymResults"/>
        <method signature="TC001_askLaila.ignoreAd()[pri:1, instance:TestCase.TC005_gymResults@302552ec]" name="ignoreAd" class="TestCase.TC001_askLaila"/>
        <method signature="TC001_askLaila.selectCountry()[pri:2, instance:TestCase.TC005_gymResults@302552ec]" name="selectCountry" class="TestCase.TC001_askLaila"/>
        <method signature="TC001_askLaila.selectCity()[pri:3, instance:TestCase.TC005_gymResults@302552ec]" name="selectCity" class="TestCase.TC001_askLaila"/>
        <method signature="TC002_homePage.enteringInputs()[pri:4, instance:TestCase.TC005_gymResults@302552ec]" name="enteringInputs" class="TestCase.TC002_homePage"/>
        <method signature="TC003_results.gettingCarWashResults()[pri:5, instance:TestCase.TC005_gymResults@302552ec]" name="gettingCarWashResults" class="TestCase.TC003_results"/>
        <method signature="TC003_results.clickingShareReviewReport()[pri:6, instance:TestCase.TC005_gymResults@302552ec]" name="clickingShareReviewReport" class="TestCase.TC003_results"/>
        <method signature="TC004_freeListing.clickingFreelisting()[pri:7, instance:TestCase.TC005_gymResults@302552ec]" name="clickingFreelisting" class="TestCase.TC004_freeListing"/>
        <method signature="TC004_freeListing.clickLogin()[pri:8, instance:TestCase.TC005_gymResults@302552ec]" name="clickLogin" class="TestCase.TC004_freeListing"/>
        <method signature="TC004_freeListing.enteringWrongInputs()[pri:9, instance:TestCase.TC005_gymResults@302552ec]" name="enteringWrongInputs" class="TestCase.TC004_freeListing"/>
        <method signature="TC004_freeListing.getErrorMessage()[pri:10, instance:TestCase.TC005_gymResults@302552ec]" name="getErrorMessage" class="TestCase.TC004_freeListing"/>
        <method signature="TC004_freeListing.backToSearchPage()[pri:11, instance:TestCase.TC005_gymResults@302552ec]" name="backToSearchPage" class="TestCase.TC004_freeListing"/>
        <method signature="TC002_homePage.clickingGym()[pri:12, instance:TestCase.TC005_gymResults@302552ec]" name="clickingGym" class="TestCase.TC002_homePage"/>
        <method signature="TC005_gymResults.gettingSubCategory()[pri:13, instance:TestCase.TC005_gymResults@302552ec]" name="gettingSubCategory" class="TestCase.TC005_gymResults"/>
      </group> <!-- master -->
    </groups>
    <test started-at="2024-02-15T10:27:17 IST" name="Chrome hackathon" finished-at="2024-02-15T10:30:32 IST" duration-ms="194883">
      <class name="TestCase.TC005_gymResults">
        <test-method is-config="true" signature="setUp(java.lang.String,java.lang.String)[pri:0, instance:TestCase.TC005_gymResults@408d971b]" started-at="2024-02-15T10:27:18 IST" name="setUp" finished-at="2024-02-15T10:27:30 IST" duration-ms="12093" status="PASS">
          <params>
            <param index="0">
              <value>
                <![CDATA[Windows]]>
              </value>
            </param>
            <param index="1">
              <value>
                <![CDATA[chrome]]>
              </value>
            </param>
          </params>
          <reporter-output>
          </reporter-output>
        </test-method> <!-- setUp -->
        <test-method signature="ignoreAd()[pri:1, instance:TestCase.TC005_gymResults@408d971b]" started-at="2024-02-15T10:27:30 IST" name="ignoreAd" finished-at="2024-02-15T10:27:52 IST" duration-ms="22550" status="PASS">
          <reporter-output>
          </reporter-output>
        </test-method> <!-- ignoreAd -->
        <test-method signature="selectCountry()[pri:2, instance:TestCase.TC005_gymResults@408d971b]" started-at="2024-02-15T10:27:53 IST" name="selectCountry" finished-at="2024-02-15T10:28:10 IST" duration-ms="16445" status="PASS">
          <reporter-output>
          </reporter-output>
        </test-method> <!-- selectCountry -->
        <test-method signature="selectCity()[pri:3, instance:TestCase.TC005_gymResults@408d971b]" started-at="2024-02-15T10:28:11 IST" name="selectCity" finished-at="2024-02-15T10:28:27 IST" duration-ms="15717" status="PASS">
          <reporter-output>
          </reporter-output>
        </test-method> <!-- selectCity -->
        <test-method signature="enteringInputs()[pri:4, instance:TestCase.TC005_gymResults@408d971b]" started-at="2024-02-15T10:28:28 IST" name="enteringInputs" finished-at="2024-02-15T10:28:53 IST" duration-ms="25299" status="PASS">
          <reporter-output>
          </reporter-output>
        </test-method> <!-- enteringInputs -->
        <test-method signature="gettingCarWashResults()[pri:5, instance:TestCase.TC005_gymResults@408d971b]" started-at="2024-02-15T10:28:54 IST" name="gettingCarWashResults" finished-at="2024-02-15T10:29:01 IST" duration-ms="7193" status="PASS">
          <reporter-output>
          </reporter-output>
        </test-method> <!-- gettingCarWashResults -->
        <test-method signature="clickingShareReviewReport()[pri:6, instance:TestCase.TC005_gymResults@408d971b]" started-at="2024-02-15T10:29:01 IST" name="clickingShareReviewReport" finished-at="2024-02-15T10:29:46 IST" duration-ms="44946" status="PASS">
          <reporter-output>
          </reporter-output>
        </test-method> <!-- clickingShareReviewReport -->
        <test-method signature="clickingFreelisting()[pri:7, instance:TestCase.TC005_gymResults@408d971b]" started-at="2024-02-15T10:29:46 IST" name="clickingFreelisting" finished-at="2024-02-15T10:30:02 IST" duration-ms="15816" status="PASS">
          <reporter-output>
          </reporter-output>
        </test-method> <!-- clickingFreelisting -->
        <test-method signature="clickLogin()[pri:8, instance:TestCase.TC005_gymResults@408d971b]" started-at="2024-02-15T10:30:02 IST" name="clickLogin" finished-at="2024-02-15T10:30:13 IST" duration-ms="11250" status="PASS">
          <reporter-output>
          </reporter-output>
        </test-method> <!-- clickLogin -->
        <test-method signature="enteringWrongInputs()[pri:9, instance:TestCase.TC005_gymResults@408d971b]" started-at="2024-02-15T10:30:14 IST" name="enteringWrongInputs" finished-at="2024-02-15T10:30:17 IST" duration-ms="2940" status="PASS">
          <reporter-output>
          </reporter-output>
        </test-method> <!-- enteringWrongInputs -->
        <test-method signature="getErrorMessage()[pri:10, instance:TestCase.TC005_gymResults@408d971b]" started-at="2024-02-15T10:30:17 IST" name="getErrorMessage" finished-at="2024-02-15T10:30:17 IST" duration-ms="74" status="PASS">
          <reporter-output>
          </reporter-output>
        </test-method> <!-- getErrorMessage -->
        <test-method signature="backToSearchPage()[pri:11, instance:TestCase.TC005_gymResults@408d971b]" started-at="2024-02-15T10:30:17 IST" name="backToSearchPage" finished-at="2024-02-15T10:30:18 IST" duration-ms="442" status="PASS">
          <reporter-output>
          </reporter-output>
        </test-method> <!-- backToSearchPage -->
        <test-method signature="clickingGym()[pri:12, instance:TestCase.TC005_gymResults@408d971b]" started-at="2024-02-15T10:30:19 IST" name="clickingGym" finished-at="2024-02-15T10:30:24 IST" duration-ms="4615" status="PASS">
          <reporter-output>
          </reporter-output>
        </test-method> <!-- clickingGym -->
        <test-method signature="gettingSubCategory()[pri:13, instance:TestCase.TC005_gymResults@408d971b]" started-at="2024-02-15T10:30:24 IST" name="gettingSubCategory" finished-at="2024-02-15T10:30:30 IST" duration-ms="5784" status="PASS">
          <reporter-output>
          </reporter-output>
        </test-method> <!-- gettingSubCategory -->
        <test-method is-config="true" signature="closeBrowser()[pri:0, instance:TestCase.TC005_gymResults@408d971b]" started-at="2024-02-15T10:30:30 IST" name="closeBrowser" finished-at="2024-02-15T10:30:32 IST" duration-ms="1375" status="PASS">
          <reporter-output>
          </reporter-output>
        </test-method> <!-- closeBrowser -->
      </class> <!-- TestCase.TC005_gymResults -->
    </test> <!-- Chrome hackathon -->
    <test started-at="2024-02-15T10:30:33 IST" name="Edge hackathon" finished-at="2024-02-15T10:33:37 IST" duration-ms="184675">
      <class name="TestCase.TC005_gymResults">
        <test-method is-config="true" signature="setUp(java.lang.String,java.lang.String)[pri:0, instance:TestCase.TC005_gymResults@302552ec]" started-at="2024-02-15T10:30:33 IST" name="setUp" finished-at="2024-02-15T10:30:42 IST" duration-ms="9394" status="PASS">
          <params>
            <param index="0">
              <value>
                <![CDATA[Windows]]>
              </value>
            </param>
            <param index="1">
              <value>
                <![CDATA[edge]]>
              </value>
            </param>
          </params>
          <reporter-output>
          </reporter-output>
        </test-method> <!-- setUp -->
        <test-method signature="ignoreAd()[pri:1, instance:TestCase.TC005_gymResults@302552ec]" started-at="2024-02-15T10:30:42 IST" name="ignoreAd" finished-at="2024-02-15T10:31:04 IST" duration-ms="22267" status="PASS">
          <reporter-output>
          </reporter-output>
        </test-method> <!-- ignoreAd -->
        <test-method signature="selectCountry()[pri:2, instance:TestCase.TC005_gymResults@302552ec]" started-at="2024-02-15T10:31:05 IST" name="selectCountry" finished-at="2024-02-15T10:31:21 IST" duration-ms="15843" status="PASS">
          <reporter-output>
          </reporter-output>
        </test-method> <!-- selectCountry -->
        <test-method signature="selectCity()[pri:3, instance:TestCase.TC005_gymResults@302552ec]" started-at="2024-02-15T10:31:22 IST" name="selectCity" finished-at="2024-02-15T10:31:38 IST" duration-ms="15949" status="PASS">
          <reporter-output>
          </reporter-output>
        </test-method> <!-- selectCity -->
        <test-method signature="enteringInputs()[pri:4, instance:TestCase.TC005_gymResults@302552ec]" started-at="2024-02-15T10:31:39 IST" name="enteringInputs" finished-at="2024-02-15T10:32:04 IST" duration-ms="24952" status="PASS">
          <reporter-output>
          </reporter-output>
        </test-method> <!-- enteringInputs -->
        <test-method signature="gettingCarWashResults()[pri:5, instance:TestCase.TC005_gymResults@302552ec]" started-at="2024-02-15T10:32:04 IST" name="gettingCarWashResults" finished-at="2024-02-15T10:32:09 IST" duration-ms="4568" status="PASS">
          <reporter-output>
          </reporter-output>
        </test-method> <!-- gettingCarWashResults -->
        <test-method signature="clickingShareReviewReport()[pri:6, instance:TestCase.TC005_gymResults@302552ec]" started-at="2024-02-15T10:32:09 IST" name="clickingShareReviewReport" finished-at="2024-02-15T10:32:55 IST" duration-ms="46015" status="PASS">
          <reporter-output>
          </reporter-output>
        </test-method> <!-- clickingShareReviewReport -->
        <test-method signature="clickingFreelisting()[pri:7, instance:TestCase.TC005_gymResults@302552ec]" started-at="2024-02-15T10:32:55 IST" name="clickingFreelisting" finished-at="2024-02-15T10:33:09 IST" duration-ms="14219" status="PASS">
          <reporter-output>
          </reporter-output>
        </test-method> <!-- clickingFreelisting -->
        <test-method signature="clickLogin()[pri:8, instance:TestCase.TC005_gymResults@302552ec]" started-at="2024-02-15T10:33:10 IST" name="clickLogin" finished-at="2024-02-15T10:33:21 IST" duration-ms="11217" status="PASS">
          <reporter-output>
          </reporter-output>
        </test-method> <!-- clickLogin -->
        <test-method signature="enteringWrongInputs()[pri:9, instance:TestCase.TC005_gymResults@302552ec]" started-at="2024-02-15T10:33:21 IST" name="enteringWrongInputs" finished-at="2024-02-15T10:33:24 IST" duration-ms="2994" status="PASS">
          <reporter-output>
          </reporter-output>
        </test-method> <!-- enteringWrongInputs -->
        <test-method signature="getErrorMessage()[pri:10, instance:TestCase.TC005_gymResults@302552ec]" started-at="2024-02-15T10:33:24 IST" name="getErrorMessage" finished-at="2024-02-15T10:33:24 IST" duration-ms="53" status="PASS">
          <reporter-output>
          </reporter-output>
        </test-method> <!-- getErrorMessage -->
        <test-method signature="backToSearchPage()[pri:11, instance:TestCase.TC005_gymResults@302552ec]" started-at="2024-02-15T10:33:25 IST" name="backToSearchPage" finished-at="2024-02-15T10:33:25 IST" duration-ms="277" status="PASS">
          <reporter-output>
          </reporter-output>
        </test-method> <!-- backToSearchPage -->
        <test-method signature="clickingGym()[pri:12, instance:TestCase.TC005_gymResults@302552ec]" started-at="2024-02-15T10:33:26 IST" name="clickingGym" finished-at="2024-02-15T10:33:30 IST" duration-ms="4243" status="PASS">
          <reporter-output>
          </reporter-output>
        </test-method> <!-- clickingGym -->
        <test-method signature="gettingSubCategory()[pri:13, instance:TestCase.TC005_gymResults@302552ec]" started-at="2024-02-15T10:33:30 IST" name="gettingSubCategory" finished-at="2024-02-15T10:33:36 IST" duration-ms="5127" status="PASS">
          <reporter-output>
          </reporter-output>
        </test-method> <!-- gettingSubCategory -->
        <test-method is-config="true" signature="closeBrowser()[pri:0, instance:TestCase.TC005_gymResults@302552ec]" started-at="2024-02-15T10:33:36 IST" name="closeBrowser" finished-at="2024-02-15T10:33:37 IST" duration-ms="1577" status="PASS">
          <reporter-output>
          </reporter-output>
        </test-method> <!-- closeBrowser -->
      </class> <!-- TestCase.TC005_gymResults -->
    </test> <!-- Edge hackathon -->
  </suite> <!-- Suite -->
</testng-results>
